2024-05-08 17:49:25,149 - Game started
2024-05-08 17:49:25,149 - ENTER AI MOVE METHOD
2024-05-08 17:49:25,161 - RESULT OF AI MOVE METHOD FOR PLAYER O: 2.806582783650795. Best Move: Move from (1, 1) to (3, 3)
2024-05-08 17:49:25,161 - ENTER AI MOVE METHOD
2024-05-08 17:49:25,174 - RESULT OF AI MOVE METHOD FOR PLAYER X: 18.895031461506175. Best Move: Move from (14, 14) to (12, 12)
2024-05-08 17:49:25,175 - ENTER AI MOVE METHOD
2024-05-08 17:49:25,192 - RESULT OF AI MOVE METHOD FOR PLAYER O: 2.9554473691637533. Best Move: Move from (2, 2) to (4, 4)
2024-05-08 17:49:25,192 - ENTER AI MOVE METHOD
2024-05-08 17:49:25,209 - RESULT OF AI MOVE METHOD FOR PLAYER X: 18.746166875993218. Best Move: Move from (13, 13) to (11, 11)
2024-05-08 17:49:25,209 - ENTER AI MOVE METHOD
2024-05-08 17:49:25,233 - RESULT OF AI MOVE METHOD FOR PLAYER O: 3.1747661196865455. Best Move: Move from (1, 2) to (5, 4)
2024-05-08 17:49:25,233 - ENTER AI MOVE METHOD
2024-05-08 17:49:25,256 - RESULT OF AI MOVE METHOD FOR PLAYER X: 18.523066642981416. Best Move: Move from (14, 13) to (10, 11)
2024-05-08 17:49:25,256 - ENTER AI MOVE METHOD
2024-05-08 17:49:25,285 - RESULT OF AI MOVE METHOD FOR PLAYER O: 3.468144103813222. Best Move: Move from (2, 1) to (6, 5)
2024-05-08 17:49:25,286 - ENTER AI MOVE METHOD
2024-05-08 17:49:25,324 - RESULT OF AI MOVE METHOD FOR PLAYER X: 18.225627215219884. Best Move: Move from (13, 14) to (9, 10)
2024-05-08 17:49:25,325 - ENTER AI MOVE METHOD
2024-05-08 17:49:25,364 - RESULT OF AI MOVE METHOD FOR PLAYER O: 3.6976011869670824. Best Move: Move from (3, 3) to (7, 5)
2024-05-08 17:49:25,364 - ENTER AI MOVE METHOD
2024-05-08 17:49:25,426 - RESULT OF AI MOVE METHOD FOR PLAYER X: 18.006452779766647. Best Move: Move from (12, 12) to (8, 10)
2024-05-08 17:49:25,426 - ENTER AI MOVE METHOD
2024-05-08 17:49:25,476 - RESULT OF AI MOVE METHOD FOR PLAYER O: 3.9261878054148522. Best Move: Move from (4, 4) to (8, 6)
2024-05-08 17:49:25,476 - ENTER AI MOVE METHOD
2024-05-08 17:49:25,534 - RESULT OF AI MOVE METHOD FOR PLAYER X: 17.78029734340587. Best Move: Move from (14, 12) to (10, 10)
2024-05-08 17:49:25,534 - ENTER AI MOVE METHOD
2024-05-08 17:49:25,566 - RESULT OF AI MOVE METHOD FOR PLAYER O: 4.1584788364127006. Best Move: Move from (5, 4) to (9, 6)
2024-05-08 17:49:25,566 - ENTER AI MOVE METHOD
2024-05-08 17:49:25,629 - RESULT OF AI MOVE METHOD FOR PLAYER X: 17.561634452084153. Best Move: Move from (11, 11) to (7, 9)
2024-05-08 17:49:25,629 - ENTER AI MOVE METHOD
2024-05-08 17:49:25,684 - RESULT OF AI MOVE METHOD FOR PLAYER O: 4.389863359561493. Best Move: Move from (6, 5) to (10, 7)
2024-05-08 17:49:25,685 - ENTER AI MOVE METHOD
2024-05-08 17:49:25,722 - RESULT OF AI MOVE METHOD FOR PLAYER X: 17.348507350982754. Best Move: Move from (10, 11) to (6, 9)
2024-05-08 17:49:25,722 - ENTER AI MOVE METHOD
2024-05-08 17:49:25,759 - RESULT OF AI MOVE METHOD FOR PLAYER O: 4.623341230264791. Best Move: Move from (7, 5) to (11, 7)
2024-05-08 17:49:25,759 - ENTER AI MOVE METHOD
2024-05-08 17:49:25,809 - RESULT OF AI MOVE METHOD FOR PLAYER X: 17.136947197560804. Best Move: Move from (9, 10) to (5, 8)
2024-05-08 17:49:25,810 - ENTER AI MOVE METHOD
2024-05-08 17:49:25,862 - RESULT OF AI MOVE METHOD FOR PLAYER O: 4.856088867204579. Best Move: Move from (8, 6) to (12, 8)
2024-05-08 17:49:25,863 - ENTER AI MOVE METHOD
2024-05-08 17:49:25,907 - RESULT OF AI MOVE METHOD FOR PLAYER X: 16.93368527309414. Best Move: Move from (8, 10) to (4, 8)
2024-05-08 17:49:25,907 - ENTER AI MOVE METHOD
2024-05-08 17:49:25,941 - RESULT OF AI MOVE METHOD FOR PLAYER O: 5.09017748278783. Best Move: Move from (9, 6) to (13, 8)
2024-05-08 17:49:25,941 - ENTER AI MOVE METHOD
2024-05-08 17:49:25,977 - RESULT OF AI MOVE METHOD FOR PLAYER X: 16.734423107561117. Best Move: Move from (7, 9) to (3, 7)
2024-05-08 17:49:25,978 - ENTER AI MOVE METHOD
2024-05-08 17:49:26,012 - RESULT OF AI MOVE METHOD FOR PLAYER O: 5.323691238648857. Best Move: Move from (10, 7) to (14, 9)
2024-05-08 17:49:26,013 - ENTER AI MOVE METHOD
2024-05-08 17:49:26,065 - RESULT OF AI MOVE METHOD FOR PLAYER X: 16.548289216134197. Best Move: Move from (6, 9) to (2, 7)
2024-05-08 17:49:26,066 - ENTER AI MOVE METHOD
2024-05-08 17:49:26,116 - RESULT OF AI MOVE METHOD FOR PLAYER O: 6.50558454008652. Best Move: Move from (12, 8) to (14, 12)
2024-05-08 17:49:26,117 - ENTER AI MOVE METHOD
2024-05-08 17:49:26,164 - RESULT OF AI MOVE METHOD FOR PLAYER X: 16.37190928972586. Best Move: Move from (5, 8) to (1, 6)
2024-05-08 17:49:26,165 - ENTER AI MOVE METHOD
2024-05-08 17:49:26,213 - RESULT OF AI MOVE METHOD FOR PLAYER O: 6.716110855875994. Best Move: Move from (0, 3) to (0, 7)
2024-05-08 17:49:26,213 - ENTER AI MOVE METHOD
2024-05-08 17:49:26,273 - RESULT OF AI MOVE METHOD FOR PLAYER X: 16.21694761025222. Best Move: Move from (4, 8) to (0, 6)
2024-05-08 17:49:26,273 - ENTER AI MOVE METHOD
2024-05-08 17:49:26,323 - RESULT OF AI MOVE METHOD FOR PLAYER O: 6.946909003619915. Best Move: Move from (0, 1) to (2, 5)
2024-05-08 17:49:26,324 - ENTER AI MOVE METHOD
2024-05-08 17:49:26,386 - RESULT OF AI MOVE METHOD FOR PLAYER X: 15.939047089763775. Best Move: Move from (2, 7) to (0, 1)
2024-05-08 17:49:26,386 - ENTER AI MOVE METHOD
2024-05-08 17:49:26,426 - RESULT OF AI MOVE METHOD FOR PLAYER O: 7.312396998883029. Best Move: Move from (0, 2) to (4, 8)
2024-05-08 17:49:26,427 - ENTER AI MOVE METHOD
2024-05-08 17:49:26,457 - RESULT OF AI MOVE METHOD FOR PLAYER X: 15.790623570008362. Best Move: Move from (15, 13) to (11, 13)
2024-05-08 17:49:26,457 - ENTER AI MOVE METHOD
2024-05-08 17:49:26,512 - RESULT OF AI MOVE METHOD FOR PLAYER O: 7.645268331532333. Best Move: Move from (0, 0) to (2, 6)
2024-05-08 17:49:26,512 - ENTER AI MOVE METHOD
2024-05-08 17:49:26,559 - RESULT OF AI MOVE METHOD FOR PLAYER X: 15.570422671604678. Best Move: Move from (15, 15) to (13, 11)
2024-05-08 17:49:26,560 - ENTER AI MOVE METHOD
2024-05-08 17:49:26,614 - RESULT OF AI MOVE METHOD FOR PLAYER O: 7.973863411865602. Best Move: Move from (2, 3) to (4, 9)
2024-05-08 17:49:26,614 - ENTER AI MOVE METHOD
2024-05-08 17:49:26,648 - RESULT OF AI MOVE METHOD FOR PLAYER X: 15.213728717662827. Best Move: Move from (12, 14) to (10, 6)
2024-05-08 17:49:26,648 - ENTER AI MOVE METHOD
2024-05-08 17:49:26,696 - RESULT OF AI MOVE METHOD FOR PLAYER O: 8.345296794069881. Best Move: Move from (1, 4) to (5, 10)
2024-05-08 17:49:26,696 - ENTER AI MOVE METHOD
2024-05-08 17:49:26,741 - RESULT OF AI MOVE METHOD FOR PLAYER X: 15.065931178429047. Best Move: Move from (12, 15) to (10, 13)
2024-05-08 17:49:26,742 - ENTER AI MOVE METHOD
2024-05-08 17:49:26,808 - RESULT OF AI MOVE METHOD FOR PLAYER O: 8.552620590000453. Best Move: Move from (4, 1) to (4, 7)
2024-05-08 17:49:26,808 - ENTER AI MOVE METHOD
2024-05-08 17:49:26,855 - RESULT OF AI MOVE METHOD FOR PLAYER X: 14.918133639195267. Best Move: Move from (15, 12) to (13, 10)
2024-05-08 17:49:26,856 - ENTER AI MOVE METHOD
2024-05-08 17:49:26,904 - RESULT OF AI MOVE METHOD FOR PLAYER O: 9.771273637480629. Best Move: Move from (13, 8) to (15, 12)
2024-05-08 17:49:26,905 - ENTER AI MOVE METHOD
2024-05-08 17:49:26,945 - RESULT OF AI MOVE METHOD FOR PLAYER X: 14.770528701576064. Best Move: Move from (11, 14) to (9, 12)
2024-05-08 17:49:26,945 - ENTER AI MOVE METHOD
2024-05-08 17:49:27,011 - RESULT OF AI MOVE METHOD FOR PLAYER O: 10.90635939390128. Best Move: Move from (14, 9) to (14, 13)
2024-05-08 17:49:27,012 - ENTER AI MOVE METHOD
2024-05-08 17:49:27,068 - RESULT OF AI MOVE METHOD FOR PLAYER X: 14.622280493030036. Best Move: Move from (11, 13) to (11, 9)
2024-05-08 17:49:27,069 - ENTER AI MOVE METHOD
2024-05-08 17:49:27,116 - RESULT OF AI MOVE METHOD FOR PLAYER O: 11.054816691447957. Best Move: Move from (14, 12) to (15, 13)
2024-05-08 17:49:27,117 - ENTER AI MOVE METHOD
2024-05-08 17:49:27,161 - RESULT OF AI MOVE METHOD FOR PLAYER X: 14.393287347362081. Best Move: Move from (14, 11) to (10, 9)
2024-05-08 17:49:27,161 - ENTER AI MOVE METHOD
2024-05-08 17:49:27,226 - RESULT OF AI MOVE METHOD FOR PLAYER O: 11.198371448744506. Best Move: Move from (15, 13) to (15, 15)
2024-05-08 17:49:27,227 - ENTER AI MOVE METHOD
2024-05-08 17:49:27,286 - RESULT OF AI MOVE METHOD FOR PLAYER X: 14.162318671878587. Best Move: Move from (15, 11) to (9, 11)
2024-05-08 17:49:27,286 - ENTER AI MOVE METHOD
2024-05-08 17:49:27,335 - RESULT OF AI MOVE METHOD FOR PLAYER O: 11.341404705570373. Best Move: Move from (4, 8) to (6, 10)
2024-05-08 17:49:27,335 - ENTER AI MOVE METHOD
2024-05-08 17:49:27,408 - RESULT OF AI MOVE METHOD FOR PLAYER X: 13.942142557478165. Best Move: Move from (9, 12) to (9, 6)
2024-05-08 17:49:27,408 - ENTER AI MOVE METHOD
2024-05-08 17:49:27,479 - RESULT OF AI MOVE METHOD FOR PLAYER O: 11.575392826303647. Best Move: Move from (2, 6) to (4, 10)
2024-05-08 17:49:27,480 - ENTER AI MOVE METHOD
2024-05-08 17:49:27,529 - RESULT OF AI MOVE METHOD FOR PLAYER X: 13.626353083793955. Best Move: Move from (0, 6) to (0, 0)
2024-05-08 17:49:27,530 - ENTER AI MOVE METHOD
2024-05-08 17:49:27,577 - RESULT OF AI MOVE METHOD FOR PLAYER O: 11.716503683374466. Best Move: Move from (4, 9) to (6, 11)
2024-05-08 17:49:27,578 - ENTER AI MOVE METHOD
2024-05-08 17:49:27,638 - RESULT OF AI MOVE METHOD FOR PLAYER X: 13.328973534627542. Best Move: Move from (13, 12) to (9, 8)
2024-05-08 17:49:27,638 - ENTER AI MOVE METHOD
2024-05-08 17:49:27,693 - RESULT OF AI MOVE METHOD FOR PLAYER O: 11.859246004529775. Best Move: Move from (5, 10) to (7, 12)
2024-05-08 17:49:27,702 - ENTER AI MOVE METHOD
2024-05-08 17:49:27,764 - RESULT OF AI MOVE METHOD FOR PLAYER X: 12.90853561659904. Best Move: Move from (15, 14) to (11, 6)
2024-05-08 17:49:27,765 - ENTER AI MOVE METHOD
2024-05-08 17:49:27,803 - RESULT OF AI MOVE METHOD FOR PLAYER O: 12.008015620755078. Best Move: Move from (14, 13) to (15, 14)
2024-05-08 17:49:27,803 - ENTER AI MOVE METHOD
2024-05-08 17:49:27,864 - RESULT OF AI MOVE METHOD FOR PLAYER X: 12.696975463177088. Best Move: Move from (10, 9) to (8, 5)
2024-05-08 17:49:27,864 - ENTER AI MOVE METHOD
2024-05-08 17:49:27,918 - RESULT OF AI MOVE METHOD FOR PLAYER O: 12.153294637184834. Best Move: Move from (6, 10) to (8, 12)
2024-05-08 17:49:27,918 - ENTER AI MOVE METHOD
2024-05-08 17:49:27,983 - RESULT OF AI MOVE METHOD FOR PLAYER X: 12.448247177753574. Best Move: Move from (9, 11) to (3, 9)
2024-05-08 17:49:27,983 - ENTER AI MOVE METHOD
2024-05-08 17:49:28,028 - RESULT OF AI MOVE METHOD FOR PLAYER O: 13.296270618241671. Best Move: Move from (7, 12) to (11, 14)
2024-05-08 17:49:28,028 - ENTER AI MOVE METHOD
2024-05-08 17:49:28,086 - RESULT OF AI MOVE METHOD FOR PLAYER X: 12.105193005956536. Best Move: Move from (11, 15) to (5, 11)
2024-05-08 17:49:28,086 - ENTER AI MOVE METHOD
2024-05-08 17:49:28,148 - RESULT OF AI MOVE METHOD FOR PLAYER O: 13.444152607455743. Best Move: Move from (11, 14) to (12, 15)
2024-05-08 17:49:28,148 - ENTER AI MOVE METHOD
2024-05-08 17:49:28,213 - RESULT OF AI MOVE METHOD FOR PLAYER X: 11.477346505332477. Best Move: Move from (13, 10) to (1, 2)
2024-05-08 17:49:28,213 - ENTER AI MOVE METHOD
2024-05-08 17:49:28,264 - RESULT OF AI MOVE METHOD FOR PLAYER O: 13.875628345728668. Best Move: Move from (2, 0) to (2, 10)
2024-05-08 17:49:28,265 - ENTER AI MOVE METHOD
2024-05-08 17:49:28,342 - RESULT OF AI MOVE METHOD FOR PLAYER X: 11.332378290695981. Best Move: Move from (9, 6) to (7, 4)
2024-05-08 17:49:28,343 - ENTER AI MOVE METHOD
2024-05-08 17:49:28,418 - RESULT OF AI MOVE METHOD FOR PLAYER O: 14.135853183097044. Best Move: Move from (4, 0) to (4, 8)
2024-05-08 17:49:28,418 - ENTER AI MOVE METHOD
2024-05-08 17:49:28,470 - RESULT OF AI MOVE METHOD FOR PLAYER X: 11.188916332824547. Best Move: Move from (8, 5) to (6, 3)
2024-05-08 17:49:28,471 - ENTER AI MOVE METHOD
2024-05-08 17:49:28,516 - RESULT OF AI MOVE METHOD FOR PLAYER O: 14.346379498886519. Best Move: Move from (0, 4) to (0, 8)
2024-05-08 17:49:28,516 - ENTER AI MOVE METHOD
2024-05-08 17:49:28,577 - RESULT OF AI MOVE METHOD FOR PLAYER X: 11.04801670434223. Best Move: Move from (7, 4) to (5, 2)
2024-05-08 17:49:28,578 - ENTER AI MOVE METHOD
2024-05-08 17:49:28,642 - RESULT OF AI MOVE METHOD FOR PLAYER O: 14.538086981119207. Best Move: Move from (4, 7) to (4, 11)
2024-05-08 17:49:28,642 - ENTER AI MOVE METHOD
2024-05-08 17:49:28,704 - RESULT OF AI MOVE METHOD FOR PLAYER X: 10.888666134055011. Best Move: Move from (5, 11) to (1, 9)
2024-05-08 17:49:28,705 - ENTER AI MOVE METHOD
2024-05-08 17:49:28,751 - RESULT OF AI MOVE METHOD FOR PLAYER O: 14.75810486993494. Best Move: Move from (0, 7) to (2, 11)
2024-05-08 17:49:28,751 - ENTER AI MOVE METHOD
2024-05-08 17:49:28,821 - RESULT OF AI MOVE METHOD FOR PLAYER X: 10.770978345765547. Best Move: Move from (6, 3) to (2, 1)
2024-05-08 17:49:28,821 - ENTER AI MOVE METHOD
2024-05-08 17:49:28,886 - RESULT OF AI MOVE METHOD FOR PLAYER O: 14.993036080180289. Best Move: Move from (2, 5) to (4, 9)
2024-05-08 17:49:28,887 - ENTER AI MOVE METHOD
2024-05-08 17:49:28,942 - RESULT OF AI MOVE METHOD FOR PLAYER X: 10.680804121568196. Best Move: Move from (11, 6) to (9, 6)
2024-05-08 17:49:28,943 - ENTER AI MOVE METHOD
2024-05-08 17:49:28,981 - RESULT OF AI MOVE METHOD FOR PLAYER O: 15.12555946837496. Best Move: Move from (11, 7) to (11, 11)
2024-05-08 17:49:28,982 - ENTER AI MOVE METHOD
2024-05-08 17:49:29,036 - RESULT OF AI MOVE METHOD FOR PLAYER X: 10.593335501058165. Best Move: Move from (10, 6) to (8, 6)
2024-05-08 17:49:29,036 - ENTER AI MOVE METHOD
2024-05-08 17:49:29,092 - RESULT OF AI MOVE METHOD FOR PLAYER O: 15.229111364870272. Best Move: Move from (2, 10) to (2, 12)
2024-05-08 17:49:29,092 - ENTER AI MOVE METHOD
2024-05-08 17:49:29,153 - RESULT OF AI MOVE METHOD FOR PLAYER X: 10.506824509992198. Best Move: Move from (1, 2) to (1, 1)
2024-05-08 17:49:29,153 - ENTER AI MOVE METHOD
2024-05-08 17:49:29,192 - RESULT OF AI MOVE METHOD FOR PLAYER O: 15.393485345165937. Best Move: Move from (1, 0) to (1, 4)
2024-05-08 17:49:29,193 - ENTER AI MOVE METHOD
2024-05-08 17:49:29,244 - RESULT OF AI MOVE METHOD FOR PLAYER X: 10.376712091308008. Best Move: Move from (2, 1) to (1, 0)
2024-05-08 17:49:29,244 - ENTER AI MOVE METHOD
2024-05-08 17:49:29,306 - RESULT OF AI MOVE METHOD FOR PLAYER O: 15.599211142623679. Best Move: Move from (1, 3) to (1, 7)
2024-05-08 17:49:29,307 - ENTER AI MOVE METHOD
2024-05-08 17:49:29,382 - RESULT OF AI MOVE METHOD FOR PLAYER X: 10.292653703460688. Best Move: Move from (9, 6) to (7, 6)
2024-05-08 17:49:29,382 - ENTER AI MOVE METHOD
2024-05-08 17:49:29,429 - RESULT OF AI MOVE METHOD FOR PLAYER O: 15.71489740721239. Best Move: Move from (0, 8) to (2, 10)
2024-05-08 17:49:29,429 - ENTER AI MOVE METHOD
2024-05-08 17:49:29,498 - RESULT OF AI MOVE METHOD FOR PLAYER X: 10.212931670525876. Best Move: Move from (8, 6) to (6, 6)
2024-05-08 17:49:29,499 - ENTER AI MOVE METHOD
2024-05-08 17:49:29,564 - RESULT OF AI MOVE METHOD FOR PLAYER O: 15.81871880460539. Best Move: Move from (2, 11) to (2, 13)
2024-05-08 17:49:29,564 - ENTER AI MOVE METHOD
2024-05-08 17:49:29,630 - RESULT OF AI MOVE METHOD FOR PLAYER X: 10.085786135334315. Best Move: Move from (3, 9) to (5, 5)
2024-05-08 17:49:29,631 - ENTER AI MOVE METHOD
2024-05-08 17:49:29,683 - RESULT OF AI MOVE METHOD FOR PLAYER O: 15.922750939507205. Best Move: Move from (2, 12) to (2, 14)
2024-05-08 17:49:29,683 - ENTER AI MOVE METHOD
2024-05-08 17:49:29,761 - RESULT OF AI MOVE METHOD FOR PLAYER X: 9.936921549821358. Best Move: Move from (6, 6) to (4, 4)
2024-05-08 17:49:29,761 - ENTER AI MOVE METHOD
2024-05-08 17:49:29,826 - RESULT OF AI MOVE METHOD FOR PLAYER O: 17.27854724623003. Best Move: Move from (4, 9) to (14, 11)
2024-05-08 17:49:29,826 - ENTER AI MOVE METHOD
2024-05-08 17:49:29,885 - RESULT OF AI MOVE METHOD FOR PLAYER X: 9.788056964308401. Best Move: Move from (5, 5) to (3, 3)
2024-05-08 17:49:29,885 - ENTER AI MOVE METHOD
2024-05-08 17:49:29,939 - RESULT OF AI MOVE METHOD FOR PLAYER O: 17.425787928438915. Best Move: Move from (3, 2) to (5, 4)
2024-05-08 17:49:29,939 - ENTER AI MOVE METHOD
2024-05-08 17:49:30,018 - RESULT OF AI MOVE METHOD FOR PLAYER X: 9.639192378795443. Best Move: Move from (10, 10) to (8, 8)
2024-05-08 17:49:30,019 - ENTER AI MOVE METHOD
2024-05-08 17:49:30,095 - RESULT OF AI MOVE METHOD FOR PLAYER O: 17.599224775243144. Best Move: Move from (4, 11) to (12, 9)
2024-05-08 17:49:30,095 - ENTER AI MOVE METHOD
2024-05-08 17:49:30,155 - RESULT OF AI MOVE METHOD FOR PLAYER X: 9.551989523559001. Best Move: Move from (4, 4) to (2, 0)
2024-05-08 17:49:30,155 - ENTER AI MOVE METHOD
2024-05-08 17:49:30,210 - RESULT OF AI MOVE METHOD FOR PLAYER O: 17.70448793313788. Best Move: Move from (3, 0) to (3, 4)
2024-05-08 17:49:30,210 - ENTER AI MOVE METHOD
2024-05-08 17:49:30,285 - RESULT OF AI MOVE METHOD FOR PLAYER X: 9.477557230802523. Best Move: Move from (8, 8) to (7, 7)
2024-05-08 17:49:30,285 - ENTER AI MOVE METHOD
2024-05-08 17:49:30,356 - RESULT OF AI MOVE METHOD FOR PLAYER O: 17.80868790747765. Best Move: Move from (2, 13) to (2, 15)
2024-05-08 17:49:30,356 - ENTER AI MOVE METHOD
2024-05-08 17:49:30,416 - RESULT OF AI MOVE METHOD FOR PLAYER X: 9.403124938046044. Best Move: Move from (7, 7) to (6, 6)
2024-05-08 17:49:30,416 - ENTER AI MOVE METHOD
2024-05-08 17:49:30,475 - RESULT OF AI MOVE METHOD FOR PLAYER O: 17.892538583580116. Best Move: Move from (14, 11) to (15, 11)
2024-05-08 17:49:30,476 - ENTER AI MOVE METHOD
2024-05-08 17:49:30,543 - RESULT OF AI MOVE METHOD FOR PLAYER X: 9.328692645289564. Best Move: Move from (6, 6) to (5, 5)
2024-05-08 17:49:30,544 - ENTER AI MOVE METHOD
2024-05-08 17:49:30,617 - RESULT OF AI MOVE METHOD FOR PLAYER O: 18.023944689216005. Best Move: Move from (15, 11) to (15, 13)
2024-05-08 17:49:30,618 - ENTER AI MOVE METHOD
2024-05-08 17:49:30,674 - RESULT OF AI MOVE METHOD FOR PLAYER X: 9.224900629591001. Best Move: Move from (5, 5) to (5, 1)
2024-05-08 17:49:30,674 - ENTER AI MOVE METHOD
2024-05-08 17:49:30,720 - RESULT OF AI MOVE METHOD FOR PLAYER O: 18.098376981972482. Best Move: Move from (11, 11) to (12, 12)
2024-05-08 17:49:30,720 - ENTER AI MOVE METHOD
2024-05-08 17:49:30,787 - RESULT OF AI MOVE METHOD FOR PLAYER X: 8.781371098070805. Best Move: Move from (13, 11) to (5, 7)
2024-05-08 17:49:30,787 - ENTER AI MOVE METHOD
2024-05-08 17:49:30,859 - RESULT OF AI MOVE METHOD FOR PLAYER O: 19.146146196745875. Best Move: Move from (12, 12) to (12, 14)
2024-05-08 17:49:30,859 - ENTER AI MOVE METHOD
2024-05-08 17:49:30,918 - RESULT OF AI MOVE METHOD FOR PLAYER X: 8.235971084345852. Best Move: Move from (13, 15) to (3, 9)
2024-05-08 17:49:30,918 - ENTER AI MOVE METHOD
2024-05-08 17:49:30,972 - RESULT OF AI MOVE METHOD FOR PLAYER O: 19.294603494292552. Best Move: Move from (12, 14) to (13, 15)
2024-05-08 17:49:30,973 - ENTER AI MOVE METHOD
2024-05-08 17:49:31,050 - RESULT OF AI MOVE METHOD FOR PLAYER X: 8.161586276233201. Best Move: Move from (14, 15) to (13, 14)
2024-05-08 17:49:31,050 - ENTER AI MOVE METHOD
2024-05-08 17:49:31,124 - RESULT OF AI MOVE METHOD FOR PLAYER O: 19.432383685490937. Best Move: Move from (12, 15) to (14, 15)
2024-05-08 17:49:31,124 - ENTER AI MOVE METHOD
2024-05-08 17:49:31,182 - RESULT OF AI MOVE METHOD FOR PLAYER X: 8.012841403683565. Best Move: Move from (13, 14) to (11, 12)
2024-05-08 17:49:31,182 - ENTER AI MOVE METHOD
2024-05-08 17:49:31,230 - RESULT OF AI MOVE METHOD FOR PLAYER O: 19.50644291909482. Best Move: Move from (5, 4) to (6, 5)
2024-05-08 17:49:31,231 - ENTER AI MOVE METHOD
2024-05-08 17:49:31,301 - RESULT OF AI MOVE METHOD FOR PLAYER X: 7.864118389702742. Best Move: Move from (12, 13) to (10, 11)
2024-05-08 17:49:31,301 - ENTER AI MOVE METHOD
2024-05-08 17:49:31,364 - RESULT OF AI MOVE METHOD FOR PLAYER O: 19.803462622840456. Best Move: Move from (6, 5) to (10, 9)
2024-05-08 17:49:31,365 - ENTER AI MOVE METHOD
2024-05-08 17:49:31,447 - RESULT OF AI MOVE METHOD FOR PLAYER X: 7.3604017231974606. Best Move: Move from (11, 12) to (3, 6)
2024-05-08 17:49:31,448 - ENTER AI MOVE METHOD
2024-05-08 17:49:31,491 - RESULT OF AI MOVE METHOD FOR PLAYER O: 19.877801817590175. Best Move: Move from (10, 9) to (11, 10)
2024-05-08 17:49:31,492 - ENTER AI MOVE METHOD
2024-05-08 17:49:31,572 - RESULT OF AI MOVE METHOD FOR PLAYER X: 7.266463764722796. Best Move: Move from (3, 7) to (3, 5)
2024-05-08 17:49:31,573 - ENTER AI MOVE METHOD
2024-05-08 17:49:31,641 - RESULT OF AI MOVE METHOD FOR PLAYER O: 20.969534390338136. Best Move: Move from (11, 10) to (11, 14)
2024-05-08 17:49:31,641 - ENTER AI MOVE METHOD
2024-05-08 17:49:31,705 - RESULT OF AI MOVE METHOD FOR PLAYER X: 7.190694710392613. Best Move: Move from (1, 9) to (3, 7)
2024-05-08 17:49:31,706 - ENTER AI MOVE METHOD
2024-05-08 17:49:31,758 - RESULT OF AI MOVE METHOD FOR PLAYER O: 21.11741637955221. Best Move: Move from (11, 14) to (12, 15)
2024-05-08 17:49:31,758 - ENTER AI MOVE METHOD
2024-05-08 17:49:31,839 - RESULT OF AI MOVE METHOD FOR PLAYER X: 7.116355515642886. Best Move: Move from (10, 11) to (9, 10)
2024-05-08 17:49:31,840 - ENTER AI MOVE METHOD
2024-05-08 17:49:31,899 - RESULT OF AI MOVE METHOD FOR PLAYER O: 21.191265023627626. Best Move: Move from (3, 4) to (4, 5)
2024-05-08 17:49:31,899 - ENTER AI MOVE METHOD
2024-05-08 17:49:31,958 - RESULT OF AI MOVE METHOD FOR PLAYER X: 7.02645004551134. Best Move: Move from (3, 6) to (3, 4)
2024-05-08 17:49:31,958 - ENTER AI MOVE METHOD
2024-05-08 17:49:32,008 - RESULT OF AI MOVE METHOD FOR PLAYER O: 21.470295322221666. Best Move: Move from (4, 5) to (4, 11)
2024-05-08 17:49:32,009 - ENTER AI MOVE METHOD
2024-05-08 17:49:32,075 - RESULT OF AI MOVE METHOD FOR PLAYER X: 6.952132705075476. Best Move: Move from (9, 10) to (8, 9)
2024-05-08 17:49:32,076 - ENTER AI MOVE METHOD
2024-05-08 17:49:32,144 - RESULT OF AI MOVE METHOD FOR PLAYER O: 21.56917853413769. Best Move: Move from (4, 10) to (4, 12)
2024-05-08 17:49:32,145 - ENTER AI MOVE METHOD
2024-05-08 17:49:32,209 - RESULT OF AI MOVE METHOD FOR PLAYER X: 6.671427934217954. Best Move: Move from (9, 8) to (3, 6)
2024-05-08 17:49:32,210 - ENTER AI MOVE METHOD
2024-05-08 17:49:32,257 - RESULT OF AI MOVE METHOD FOR PLAYER O: 21.669008565612206. Best Move: Move from (4, 11) to (4, 13)
2024-05-08 17:49:32,257 - ENTER AI MOVE METHOD
2024-05-08 17:49:32,321 - RESULT OF AI MOVE METHOD FOR PLAYER X: 6.597141157057026. Best Move: Move from (8, 9) to (7, 8)
2024-05-08 17:49:32,321 - ENTER AI MOVE METHOD
2024-05-08 17:49:32,375 - RESULT OF AI MOVE METHOD FOR PLAYER O: 21.793715754506184. Best Move: Move from (4, 8) to (8, 8)
2024-05-08 17:49:32,375 - ENTER AI MOVE METHOD
2024-05-08 17:49:32,442 - RESULT OF AI MOVE METHOD FOR PLAYER X: 6.522898980454827. Best Move: Move from (7, 8) to (6, 7)
2024-05-08 17:49:32,442 - ENTER AI MOVE METHOD
2024-05-08 17:49:32,484 - RESULT OF AI MOVE METHOD FOR PLAYER O: 21.89430044597395. Best Move: Move from (4, 12) to (4, 14)
2024-05-08 17:49:32,484 - ENTER AI MOVE METHOD
2024-05-08 17:49:32,554 - RESULT OF AI MOVE METHOD FOR PLAYER X: 6.273035375070969. Best Move: Move from (6, 7) to (2, 1)
2024-05-08 17:49:32,555 - ENTER AI MOVE METHOD
2024-05-08 17:49:32,610 - RESULT OF AI MOVE METHOD FOR PLAYER O: 21.99549540321209. Best Move: Move from (4, 13) to (4, 15)
2024-05-08 17:49:32,610 - ENTER AI MOVE METHOD
2024-05-08 17:49:32,675 - RESULT OF AI MOVE METHOD FOR PLAYER X: 6.198861965524325. Best Move: Move from (7, 6) to (6, 5)
2024-05-08 17:49:32,676 - ENTER AI MOVE METHOD
2024-05-08 17:49:32,715 - RESULT OF AI MOVE METHOD FOR PLAYER O: 22.069927695968566. Best Move: Move from (8, 8) to (9, 9)
2024-05-08 17:49:32,715 - ENTER AI MOVE METHOD
2024-05-08 17:49:32,768 - RESULT OF AI MOVE METHOD FOR PLAYER X: 6.1248027319204414. Best Move: Move from (6, 5) to (5, 4)
2024-05-08 17:49:32,769 - ENTER AI MOVE METHOD
2024-05-08 17:49:32,823 - RESULT OF AI MOVE METHOD FOR PLAYER O: 22.144359988725046. Best Move: Move from (9, 9) to (10, 10)
2024-05-08 17:49:32,823 - ENTER AI MOVE METHOD
2024-05-08 17:49:32,888 - RESULT OF AI MOVE METHOD FOR PLAYER X: 6.050780525147483. Best Move: Move from (11, 9) to (10, 8)
2024-05-08 17:49:32,888 - ENTER AI MOVE METHOD
2024-05-08 17:49:32,926 - RESULT OF AI MOVE METHOD FOR PLAYER O: 22.218792281481523. Best Move: Move from (10, 10) to (11, 11)
2024-05-08 17:49:32,926 - ENTER AI MOVE METHOD
2024-05-08 17:49:32,984 - RESULT OF AI MOVE METHOD FOR PLAYER X: 5.976859776522518. Best Move: Move from (10, 8) to (9, 7)
2024-05-08 17:49:32,984 - ENTER AI MOVE METHOD
2024-05-08 17:49:33,037 - RESULT OF AI MOVE METHOD FOR PLAYER O: 22.293224574238003. Best Move: Move from (11, 11) to (12, 12)
2024-05-08 17:49:33,037 - ENTER AI MOVE METHOD
2024-05-08 17:49:33,102 - RESULT OF AI MOVE METHOD FOR PLAYER X: 5.903011132447105. Best Move: Move from (5, 4) to (4, 3)
2024-05-08 17:49:33,103 - ENTER AI MOVE METHOD
2024-05-08 17:49:33,143 - RESULT OF AI MOVE METHOD FOR PLAYER O: 23.335276672828705. Best Move: Move from (12, 12) to (13, 13)
2024-05-08 17:49:33,144 - ENTER AI MOVE METHOD
2024-05-08 17:49:33,197 - RESULT OF AI MOVE METHOD FOR PLAYER X: 5.829234592921244. Best Move: Move from (9, 7) to (8, 6)
2024-05-08 17:49:33,198 - ENTER AI MOVE METHOD
2024-05-08 17:49:33,253 - RESULT OF AI MOVE METHOD FOR PLAYER O: 23.484141258341662. Best Move: Move from (13, 13) to (14, 14)
2024-05-08 17:49:33,253 - ENTER AI MOVE METHOD
2024-05-08 17:49:33,317 - RESULT OF AI MOVE METHOD FOR PLAYER X: 5.755486199928785. Best Move: Move from (10, 13) to (9, 12)
2024-05-08 17:49:33,318 - ENTER AI MOVE METHOD
2024-05-08 17:49:33,353 - RESULT OF AI MOVE METHOD FOR PLAYER O: 23.55788965133412. Best Move: Move from (12, 9) to (13, 10)
2024-05-08 17:49:33,353 - ENTER AI MOVE METHOD
2024-05-08 17:49:33,406 - RESULT OF AI MOVE METHOD FOR PLAYER X: 5.554451457165571. Best Move: Move from (9, 12) to (5, 10)
2024-05-08 17:49:33,407 - ENTER AI MOVE METHOD
2024-05-08 17:49:33,460 - RESULT OF AI MOVE METHOD FOR PLAYER O: 24.568824817790595. Best Move: Move from (13, 10) to (14, 11)
2024-05-08 17:49:33,460 - ENTER AI MOVE METHOD
2024-05-08 17:49:33,529 - RESULT OF AI MOVE METHOD FOR PLAYER X: 5.480889629115183. Best Move: Move from (8, 6) to (7, 5)
2024-05-08 17:49:33,529 - ENTER AI MOVE METHOD
2024-05-08 17:49:33,568 - RESULT OF AI MOVE METHOD FOR PLAYER O: 24.738212651359706. Best Move: Move from (2, 10) to (6, 12)
2024-05-08 17:49:33,568 - ENTER AI MOVE METHOD
2024-05-08 17:49:33,625 - RESULT OF AI MOVE METHOD FOR PLAYER X: 5.407667380898623. Best Move: Move from (5, 7) to (4, 6)
2024-05-08 17:49:33,626 - ENTER AI MOVE METHOD
2024-05-08 17:49:33,681 - RESULT OF AI MOVE METHOD FOR PLAYER O: 24.832310386998373. Best Move: Move from (6, 11) to (6, 13)
2024-05-08 17:49:33,681 - ENTER AI MOVE METHOD
2024-05-08 17:49:33,757 - RESULT OF AI MOVE METHOD FOR PLAYER X: 5.263511244270812. Best Move: Move from (4, 6) to (4, 2)
2024-05-08 17:49:33,757 - ENTER AI MOVE METHOD
2024-05-08 17:49:33,790 - RESULT OF AI MOVE METHOD FOR PLAYER O: 24.97276692566558. Best Move: Move from (3, 1) to (5, 3)
2024-05-08 17:49:33,790 - ENTER AI MOVE METHOD
2024-05-08 17:49:33,846 - RESULT OF AI MOVE METHOD FOR PLAYER X: 5.190288996054251. Best Move: Move from (7, 5) to (6, 4)
2024-05-08 17:49:33,846 - ENTER AI MOVE METHOD
2024-05-08 17:49:33,890 - RESULT OF AI MOVE METHOD FOR PLAYER O: 25.118628682097018. Best Move: Move from (5, 3) to (7, 5)
2024-05-08 17:49:33,890 - ENTER AI MOVE METHOD
2024-05-08 17:49:33,958 - RESULT OF AI MOVE METHOD FOR PLAYER X: 5.1176494878393735. Best Move: Move from (6, 4) to (5, 3)
2024-05-08 17:49:33,958 - ENTER AI MOVE METHOD
2024-05-08 17:49:33,992 - RESULT OF AI MOVE METHOD FOR PLAYER O: 25.21416227929329. Best Move: Move from (6, 12) to (6, 14)
2024-05-08 17:49:33,992 - ENTER AI MOVE METHOD
2024-05-08 17:49:34,043 - RESULT OF AI MOVE METHOD FOR PLAYER X: 5.04613285942644. Best Move: Move from (3, 5) to (2, 4)
2024-05-08 17:49:34,043 - ENTER AI MOVE METHOD
2024-05-08 17:49:34,084 - RESULT OF AI MOVE METHOD FOR PLAYER O: 25.310881929721035. Best Move: Move from (6, 13) to (6, 15)
2024-05-08 17:49:34,085 - ENTER AI MOVE METHOD
2024-05-08 17:49:34,146 - RESULT OF AI MOVE METHOD FOR PLAYER X: 4.91367214404375. Best Move: Move from (3, 7) to (1, 5)
2024-05-08 17:49:34,146 - ENTER AI MOVE METHOD
2024-05-08 17:49:34,182 - RESULT OF AI MOVE METHOD FOR PLAYER O: 25.394732605823496. Best Move: Move from (14, 11) to (15, 11)
2024-05-08 17:49:34,182 - ENTER AI MOVE METHOD
2024-05-08 17:49:34,224 - RESULT OF AI MOVE METHOD FOR PLAYER X: 4.843594139533074. Best Move: Move from (5, 10) to (4, 9)
2024-05-08 17:49:34,224 - ENTER AI MOVE METHOD
2024-05-08 17:49:34,251 - RESULT OF AI MOVE METHOD FOR PLAYER O: 25.468294433873883. Best Move: Move from (7, 5) to (8, 6)
2024-05-08 17:49:34,252 - ENTER AI MOVE METHOD
2024-05-08 17:49:34,299 - RESULT OF AI MOVE METHOD FOR PLAYER X: 4.773960501355975. Best Move: Move from (3, 6) to (2, 5)
2024-05-08 17:49:34,299 - ENTER AI MOVE METHOD
2024-05-08 17:49:34,344 - RESULT OF AI MOVE METHOD FOR PLAYER O: 25.60435223949924. Best Move: Move from (1, 4) to (3, 6)
2024-05-08 17:49:34,345 - ENTER AI MOVE METHOD
2024-05-08 17:49:34,403 - RESULT OF AI MOVE METHOD FOR PLAYER X: 4.70528397206763. Best Move: Move from (4, 9) to (3, 8)
2024-05-08 17:49:34,404 - ENTER AI MOVE METHOD
2024-05-08 17:49:34,440 - RESULT OF AI MOVE METHOD FOR PLAYER O: 25.678128779025098. Best Move: Move from (8, 6) to (9, 7)
2024-05-08 17:49:34,441 - ENTER AI MOVE METHOD
2024-05-08 17:49:34,484 - RESULT OF AI MOVE METHOD FOR PLAYER X: 4.512869178085533. Best Move: Move from (3, 9) to (3, 5)
2024-05-08 17:49:34,485 - ENTER AI MOVE METHOD
2024-05-08 17:49:34,515 - RESULT OF AI MOVE METHOD FOR PLAYER O: 25.752049527650065. Best Move: Move from (9, 7) to (10, 8)
2024-05-08 17:49:34,525 - ENTER AI MOVE METHOD
2024-05-08 17:49:34,592 - RESULT OF AI MOVE METHOD FOR PLAYER X: 4.4463484488204275. Best Move: Move from (3, 8) to (2, 7)
2024-05-08 17:49:34,592 - ENTER AI MOVE METHOD
2024-05-08 17:49:34,627 - RESULT OF AI MOVE METHOD FOR PLAYER O: 25.82607173442302. Best Move: Move from (10, 8) to (11, 9)
2024-05-08 17:49:34,628 - ENTER AI MOVE METHOD
2024-05-08 17:49:34,672 - RESULT OF AI MOVE METHOD FOR PLAYER X: 4.326342665174084. Best Move: Move from (2, 7) to (0, 5)
2024-05-08 17:49:34,672 - ENTER AI MOVE METHOD
2024-05-08 17:49:34,704 - RESULT OF AI MOVE METHOD FOR PLAYER O: 25.90016799485783. Best Move: Move from (11, 9) to (12, 10)
2024-05-08 17:49:34,704 - ENTER AI MOVE METHOD
2024-05-08 17:49:34,752 - RESULT OF AI MOVE METHOD FOR PLAYER X: 4.3060708332196365. Best Move: Move from (5, 2) to (5, 0)
2024-05-08 17:49:34,752 - ENTER AI MOVE METHOD
2024-05-08 17:49:34,792 - RESULT OF AI MOVE METHOD FOR PLAYER O: 25.97431994296905. Best Move: Move from (12, 10) to (13, 11)
2024-05-08 17:49:34,792 - ENTER AI MOVE METHOD
2024-05-08 17:49:34,853 - RESULT OF AI MOVE METHOD FOR PLAYER X: 4.282608354919069. Best Move: Move from (5, 3) to (5, 2)
2024-05-08 17:49:34,853 - ENTER AI MOVE METHOD
2024-05-08 17:49:34,882 - RESULT OF AI MOVE METHOD FOR PLAYER O: 27.018993177876688. Best Move: Move from (13, 11) to (14, 12)
2024-05-08 17:49:34,882 - ENTER AI MOVE METHOD
2024-05-08 17:49:34,924 - RESULT OF AI MOVE METHOD FOR PLAYER X: 4.273445320953126. Best Move: Move from (3, 5) to (4, 4)
2024-05-08 17:49:34,924 - ENTER AI MOVE METHOD
2024-05-08 17:49:34,951 - RESULT OF AI MOVE METHOD FOR PLAYER O: 27.092108083086476. Best Move: Move from (8, 12) to (9, 13)
2024-05-08 17:49:34,951 - ENTER AI MOVE METHOD
2024-05-08 17:49:35,003 - RESULT OF AI MOVE METHOD FOR PLAYER X: 4.269089398305851. Best Move: Move from (1, 6) to (0, 6)
2024-05-08 17:49:35,003 - ENTER AI MOVE METHOD
2024-05-08 17:49:35,045 - RESULT OF AI MOVE METHOD FOR PLAYER O: 27.16543767430981. Best Move: Move from (9, 13) to (10, 14)
2024-05-08 17:49:35,045 - ENTER AI MOVE METHOD
2024-05-08 17:49:35,092 - RESULT OF AI MOVE METHOD FOR PLAYER X: 4.269089398305851. Best Move: Move from (2, 1) to (1, 2)
2024-05-08 17:49:35,093 - ENTER AI MOVE METHOD
2024-05-08 17:49:35,123 - RESULT OF AI MOVE METHOD FOR PLAYER O: 28.217937671225137. Best Move: Move from (10, 14) to (11, 15)
2024-05-08 17:49:35,123 - ENTER AI MOVE METHOD
2024-05-08 17:49:35,164 - RESULT OF AI MOVE METHOD FOR PLAYER X: 4.181886543069409. Best Move: Move from (4, 4) to (0, 2)
2024-05-08 17:49:35,164 - ENTER AI MOVE METHOD
2024-05-08 17:49:35,193 - RESULT OF AI MOVE METHOD FOR PLAYER O: 28.28920366153036. Best Move: Move from (3, 6) to (1, 8)
2024-05-08 17:49:35,194 - ENTER AI MOVE METHOD
2024-05-08 17:49:35,238 - RESULT OF AI MOVE METHOD FOR PLAYER X: 4.181886543069409. Best Move: Move from (1, 2) to (2, 1)
2024-05-08 17:49:35,240 - ENTER AI MOVE METHOD
2024-05-08 17:49:35,277 - RESULT OF AI MOVE METHOD FOR PLAYER O: 28.393641415544675. Best Move: Move from (1, 7) to (1, 9)
2024-05-08 17:49:35,277 - ENTER AI MOVE METHOD
2024-05-08 17:49:35,325 - RESULT OF AI MOVE METHOD FOR PLAYER X: 4.181886543069409. Best Move: Move from (2, 1) to (1, 2)
2024-05-08 17:49:35,326 - ENTER AI MOVE METHOD
2024-05-08 17:49:35,352 - RESULT OF AI MOVE METHOD FOR PLAYER O: 28.498252882535326. Best Move: Move from (1, 8) to (1, 10)
2024-05-08 17:49:35,353 - ENTER AI MOVE METHOD
2024-05-08 17:49:35,385 - RESULT OF AI MOVE METHOD FOR PLAYER X: 4.181886543069409. Best Move: Move from (1, 2) to (2, 1)
2024-05-08 17:49:35,386 - ENTER AI MOVE METHOD
2024-05-08 17:49:35,415 - RESULT OF AI MOVE METHOD FOR PLAYER O: 28.602988455116893. Best Move: Move from (1, 9) to (1, 11)
2024-05-08 17:49:35,415 - ENTER AI MOVE METHOD
2024-05-08 17:49:35,460 - RESULT OF AI MOVE METHOD FOR PLAYER X: 4.181886543069409. Best Move: Move from (2, 1) to (1, 2)
2024-05-08 17:49:35,461 - ENTER AI MOVE METHOD
2024-05-08 17:49:35,499 - RESULT OF AI MOVE METHOD FOR PLAYER O: 28.707815768678547. Best Move: Move from (1, 10) to (1, 12)
2024-05-08 17:49:35,500 - ENTER AI MOVE METHOD
2024-05-08 17:49:35,548 - RESULT OF AI MOVE METHOD FOR PLAYER X: 4.181886543069409. Best Move: Move from (1, 2) to (2, 1)
2024-05-08 17:49:35,548 - ENTER AI MOVE METHOD
2024-05-08 17:49:35,593 - RESULT OF AI MOVE METHOD FOR PLAYER O: 28.997688628681686. Best Move: Move from (1, 11) to (7, 15)
2024-05-08 17:49:35,593 - ENTER AI MOVE METHOD
2024-05-08 17:49:35,631 - RESULT OF AI MOVE METHOD FOR PLAYER X: 4.181886543069409. Best Move: Move from (2, 1) to (1, 2)
2024-05-08 17:49:35,631 - ENTER AI MOVE METHOD
2024-05-08 17:49:35,662 - RESULT OF AI MOVE METHOD FOR PLAYER O: 29.067781708677163. Best Move: Move from (14, 12) to (14, 13)
2024-05-08 17:49:35,663 - ENTER AI MOVE METHOD
2024-05-08 17:49:35,711 - RESULT OF AI MOVE METHOD FOR PLAYER X: 4.181886543069409. Best Move: Move from (1, 2) to (2, 1)
2024-05-08 17:49:35,712 - ENTER AI MOVE METHOD
2024-05-08 17:49:35,752 - RESULT OF AI MOVE METHOD FOR PLAYER O: 29.133632683534046. Best Move: Move from (4, 14) to (5, 15)
2024-05-08 17:49:35,753 - ENTER AI MOVE METHOD
2024-05-08 17:49:35,795 - RESULT OF AI MOVE METHOD FOR PLAYER X: 4.181886543069409. Best Move: Move from (2, 1) to (1, 2)
2024-05-08 17:49:35,796 - ENTER AI MOVE METHOD
2024-05-08 17:49:35,822 - RESULT OF AI MOVE METHOD FOR PLAYER O: 29.19441810022075. Best Move: Move from (2, 14) to (3, 15)
2024-05-08 17:49:35,823 - ENTER AI MOVE METHOD
2024-05-08 17:49:35,860 - RESULT OF AI MOVE METHOD FOR PLAYER X: 4.181886543069409. Best Move: Move from (1, 2) to (2, 1)
2024-05-08 17:49:35,860 - ENTER AI MOVE METHOD
2024-05-08 17:49:35,888 - RESULT OF AI MOVE METHOD FOR PLAYER O: 29.25291030333516. Best Move: Move from (1, 12) to (2, 13)
2024-05-08 17:49:35,896 - ENTER AI MOVE METHOD
2024-05-08 17:49:35,950 - RESULT OF AI MOVE METHOD FOR PLAYER X: 4.181886543069409. Best Move: Move from (2, 1) to (1, 2)
2024-05-08 17:49:35,951 - ENTER AI MOVE METHOD
2024-05-08 17:49:35,980 - RESULT OF AI MOVE METHOD FOR PLAYER O: 29.314219494140968. Best Move: Move from (2, 13) to (3, 14)
2024-05-08 17:49:35,980 - ENTER AI MOVE METHOD
2024-05-08 17:49:36,018 - RESULT OF AI MOVE METHOD FOR PLAYER X: 4.181886543069409. Best Move: Move from (1, 2) to (2, 1)
2024-05-08 17:49:36,019 - ENTER AI MOVE METHOD
2024-05-08 17:49:36,052 - RESULT OF AI MOVE METHOD FOR PLAYER O: 29.358667156172363. Best Move: Move from (6, 15) to (8, 15)
2024-05-08 17:49:36,053 - ENTER AI MOVE METHOD
2024-05-08 17:49:36,086 - RESULT OF AI MOVE METHOD FOR PLAYER X: 4.181886543069409. Best Move: Move from (2, 1) to (1, 2)
2024-05-08 17:49:36,087 - ENTER AI MOVE METHOD
2024-05-08 17:49:36,113 - RESULT OF AI MOVE METHOD FOR PLAYER O: 29.408136120766518. Best Move: Move from (7, 15) to (9, 15)
2024-05-08 17:49:36,114 - ENTER AI MOVE METHOD
2024-05-08 17:49:36,161 - RESULT OF AI MOVE METHOD FOR PLAYER X: 4.181886543069409. Best Move: Move from (1, 2) to (2, 1)
2024-05-08 17:49:36,161 - ENTER AI MOVE METHOD
2024-05-08 17:49:36,194 - RESULT OF AI MOVE METHOD FOR PLAYER O: 29.477683444214893. Best Move: Move from (6, 14) to (7, 15)
2024-05-08 17:49:36,195 - ENTER AI MOVE METHOD
2024-05-08 17:49:36,233 - RESULT OF AI MOVE METHOD FOR PLAYER X: 4.181886543069409. Best Move: Move from (2, 1) to (1, 2)
2024-05-08 17:49:36,233 - ENTER AI MOVE METHOD
2024-05-08 17:49:36,253 - RESULT OF AI MOVE METHOD FOR PLAYER O: 29.531775885126468. Best Move: Move from (8, 15) to (10, 15)
2024-05-08 17:49:36,253 - ENTER AI MOVE METHOD
2024-05-08 17:49:36,286 - RESULT OF AI MOVE METHOD FOR PLAYER X: 4.181886543069409. Best Move: Move from (1, 2) to (2, 1)
2024-05-08 17:49:36,286 - ENTER AI MOVE METHOD
2024-05-08 17:49:36,311 - RESULT OF AI MOVE METHOD FOR PLAYER O: 30.45710384576909. Best Move: Move from (10, 15) to (11, 14)
2024-05-08 17:49:36,311 - ENTER AI MOVE METHOD
2024-05-08 17:49:36,353 - RESULT OF AI MOVE METHOD FOR PLAYER X: 4.181886543069409. Best Move: Move from (2, 1) to (1, 2)
2024-05-08 17:49:36,354 - ENTER AI MOVE METHOD
2024-05-08 17:49:36,385 - RESULT OF AI MOVE METHOD FOR PLAYER O: 31.50233738943479. Best Move: Move from (4, 15) to (12, 13)
2024-05-08 17:49:36,386 - ENTER AI MOVE METHOD
2024-05-08 17:49:36,432 - RESULT OF AI MOVE METHOD FOR PLAYER X: 4.181886543069409. Best Move: Move from (1, 2) to (2, 1)
2024-05-08 17:49:36,432 - ENTER AI MOVE METHOD
2024-05-08 17:49:36,471 - RESULT OF AI MOVE METHOD FOR PLAYER O: 31.654706359271543. Best Move: Move from (2, 15) to (10, 15)
2024-05-08 17:49:36,471 - ENTER AI MOVE METHOD
2024-05-08 17:49:36,507 - RESULT OF AI MOVE METHOD FOR PLAYER X: 4.181886543069409. Best Move: Move from (2, 1) to (1, 2)
2024-05-08 17:49:36,507 - ENTER AI MOVE METHOD
2024-05-08 17:49:36,533 - RESULT OF AI MOVE METHOD FOR PLAYER O: 31.803460797333507. Best Move: Move from (12, 13) to (13, 14)
2024-05-08 17:49:36,533 - ENTER AI MOVE METHOD
2024-05-08 17:49:36,570 - RESULT OF AI MOVE METHOD FOR PLAYER X: 4.181886543069409. Best Move: Move from (1, 2) to (2, 1)
2024-05-08 17:49:36,570 - ENTER AI MOVE METHOD
2024-05-08 17:49:36,601 - RESULT OF AI MOVE METHOD FOR PLAYER O: 32.71692688410131. Best Move: Move from (10, 15) to (12, 13)
2024-05-08 17:49:36,601 - ENTER AI MOVE METHOD
2024-05-08 17:49:36,651 - RESULT OF AI MOVE METHOD FOR PLAYER X: 4.181886543069409. Best Move: Move from (2, 1) to (1, 2)
2024-05-08 17:49:36,652 - ENTER AI MOVE METHOD
2024-05-08 17:49:36,683 - RESULT OF AI MOVE METHOD FOR PLAYER O: 32.7955882421678. Best Move: Move from (12, 13) to (12, 14)
2024-05-08 17:49:36,684 - ENTER AI MOVE METHOD
2024-05-08 17:49:36,724 - RESULT OF AI MOVE METHOD FOR PLAYER X: 4.181886543069409. Best Move: Move from (1, 2) to (2, 1)
2024-05-08 17:49:36,724 - ENTER AI MOVE METHOD
2024-05-08 17:49:36,749 - RESULT OF AI MOVE METHOD FOR PLAYER O: 32.859080538640626. Best Move: Move from (3, 14) to (4, 15)
2024-05-08 17:49:36,749 - ENTER AI MOVE METHOD
2024-05-08 17:49:36,786 - RESULT OF AI MOVE METHOD FOR PLAYER X: 4.181886543069409. Best Move: Move from (2, 1) to (1, 2)
2024-05-08 17:49:36,787 - ENTER AI MOVE METHOD
2024-05-08 17:49:36,818 - RESULT OF AI MOVE METHOD FOR PLAYER O: 33.90431408230632. Best Move: Move from (4, 15) to (12, 13)
2024-05-08 17:49:36,819 - ENTER AI MOVE METHOD
2024-05-08 17:49:36,865 - RESULT OF AI MOVE METHOD FOR PLAYER X: 4.181886543069409. Best Move: Move from (1, 2) to (2, 1)
2024-05-08 17:49:36,866 - ENTER AI MOVE METHOD
2024-05-08 17:49:36,895 - RESULT OF AI MOVE METHOD FOR PLAYER O: 33.977258324190124. Best Move: Move from (12, 13) to (13, 13)
2024-05-08 17:49:36,895 - ENTER AI MOVE METHOD
2024-05-08 17:49:36,930 - RESULT OF AI MOVE METHOD FOR PLAYER X: 4.181886543069409. Best Move: Move from (2, 1) to (1, 2)
2024-05-08 17:49:36,930 - ENTER AI MOVE METHOD
2024-05-08 17:49:36,953 - RESULT OF AI MOVE METHOD FOR PLAYER O: 34.00541099223139. Best Move: Move from (9, 15) to (10, 15)
2024-05-08 17:49:36,953 - ENTER AI MOVE METHOD
2024-05-08 17:49:36,986 - RESULT OF AI MOVE METHOD FOR PLAYER X: 4.181886543069409. Best Move: Move from (1, 2) to (2, 1)
2024-05-08 17:49:36,986 - ENTER AI MOVE METHOD
2024-05-08 17:49:37,007 - RESULT OF AI MOVE METHOD FOR PLAYER O: 34.918877078999195. Best Move: Move from (10, 15) to (12, 13)
2024-05-08 17:49:37,008 - ENTER AI MOVE METHOD
2024-05-08 17:49:37,054 - RESULT OF AI MOVE METHOD FOR PLAYER X: 4.181886543069409. Best Move: Move from (2, 1) to (1, 2)
2024-05-08 17:49:37,055 - ENTER AI MOVE METHOD
2024-05-08 17:49:37,078 - RESULT OF AI MOVE METHOD FOR PLAYER O: 34.94240627072304. Best Move: Move from (7, 15) to (8, 15)
2024-05-08 17:49:37,079 - ENTER AI MOVE METHOD
2024-05-08 17:49:37,122 - RESULT OF AI MOVE METHOD FOR PLAYER X: 4.181886543069409. Best Move: Move from (1, 2) to (2, 1)
2024-05-08 17:49:37,123 - ENTER AI MOVE METHOD
2024-05-08 17:49:37,142 - RESULT OF AI MOVE METHOD FOR PLAYER O: 34.96834604359335. Best Move: Move from (8, 15) to (9, 15)
2024-05-08 17:49:37,142 - ENTER AI MOVE METHOD
2024-05-08 17:49:37,176 - RESULT OF AI MOVE METHOD FOR PLAYER X: 4.181886543069409. Best Move: Move from (2, 1) to (1, 2)
2024-05-08 17:49:37,176 - ENTER AI MOVE METHOD
2024-05-08 17:49:37,193 - RESULT OF AI MOVE METHOD FOR PLAYER O: 34.996498711634615. Best Move: Move from (9, 15) to (10, 15)
2024-05-08 17:49:37,194 - ENTER AI MOVE METHOD
2024-05-08 17:49:37,232 - RESULT OF AI MOVE METHOD FOR PLAYER X: 4.181886543069409. Best Move: Move from (1, 2) to (2, 1)
2024-05-08 17:49:37,232 - ENTER AI MOVE METHOD
2024-05-08 17:49:37,255 - RESULT OF AI MOVE METHOD FOR PLAYER O: 35.014609560085226. Best Move: Move from (5, 15) to (6, 15)
2024-05-08 17:49:37,256 - ENTER AI MOVE METHOD
2024-05-08 17:49:37,302 - RESULT OF AI MOVE METHOD FOR PLAYER X: 4.181886543069409. Best Move: Move from (2, 1) to (1, 2)
2024-05-08 17:49:37,303 - ENTER AI MOVE METHOD
2024-05-08 17:49:37,324 - RESULT OF AI MOVE METHOD FOR PLAYER O: 35.035528030392776. Best Move: Move from (6, 15) to (7, 15)
2024-05-08 17:49:37,325 - ENTER AI MOVE METHOD
2024-05-08 17:49:37,359 - RESULT OF AI MOVE METHOD FOR PLAYER X: 4.181886543069409. Best Move: Move from (1, 2) to (2, 1)
2024-05-08 17:49:37,359 - ENTER AI MOVE METHOD
2024-05-08 17:49:37,376 - RESULT OF AI MOVE METHOD FOR PLAYER O: 35.05905722211662. Best Move: Move from (7, 15) to (8, 15)
2024-05-08 17:49:37,376 - ENTER AI MOVE METHOD
2024-05-08 17:49:37,409 - RESULT OF AI MOVE METHOD FOR PLAYER X: 4.181886543069409. Best Move: Move from (2, 1) to (1, 2)
2024-05-08 17:49:37,410 - ENTER AI MOVE METHOD
2024-05-08 17:49:37,426 - RESULT OF AI MOVE METHOD FOR PLAYER O: 35.08499699498693. Best Move: Move from (8, 15) to (9, 15)
2024-05-08 17:49:37,426 - ENTER AI MOVE METHOD
2024-05-08 17:49:37,476 - RESULT OF AI MOVE METHOD FOR PLAYER X: 4.181886543069409. Best Move: Move from (1, 2) to (2, 1)
2024-05-08 17:49:37,476 - ENTER AI MOVE METHOD
2024-05-08 17:49:37,499 - RESULT OF AI MOVE METHOD FOR PLAYER O: 35.09695047685439. Best Move: Move from (3, 15) to (4, 15)
2024-05-08 17:49:37,499 - ENTER AI MOVE METHOD
2024-05-08 17:49:37,547 - RESULT OF AI MOVE METHOD FOR PLAYER X: 4.181886543069409. Best Move: Move from (2, 1) to (1, 2)
2024-05-08 17:49:37,547 - ENTER AI MOVE METHOD
2024-05-08 17:49:37,564 - RESULT OF AI MOVE METHOD FOR PLAYER O: 35.1120669823587. Best Move: Move from (4, 15) to (5, 15)
2024-05-08 17:49:37,564 - ENTER AI MOVE METHOD
2024-05-08 17:49:37,598 - RESULT OF AI MOVE METHOD FOR PLAYER X: 4.181886543069409. Best Move: Move from (1, 2) to (2, 1)
2024-05-08 17:49:37,598 - ENTER AI MOVE METHOD
2024-05-08 17:49:37,613 - RESULT OF AI MOVE METHOD FOR PLAYER O: 35.13017783080931. Best Move: Move from (5, 15) to (6, 15)
2024-05-08 17:49:37,614 - ENTER AI MOVE METHOD
2024-05-08 17:49:37,649 - RESULT OF AI MOVE METHOD FOR PLAYER X: 4.181886543069409. Best Move: Move from (2, 1) to (1, 2)
2024-05-08 17:49:37,650 - ENTER AI MOVE METHOD
2024-05-08 17:49:37,664 - RESULT OF AI MOVE METHOD FOR PLAYER O: 35.15109630111686. Best Move: Move from (6, 15) to (7, 15)
2024-05-08 17:49:37,665 - ENTER AI MOVE METHOD
2024-05-08 17:49:37,705 - RESULT OF AI MOVE METHOD FOR PLAYER X: 4.181886543069409. Best Move: Move from (1, 2) to (2, 1)
2024-05-08 17:49:37,706 - ENTER AI MOVE METHOD
2024-05-08 17:49:37,731 - RESULT OF AI MOVE METHOD FOR PLAYER O: 35.174625492840704. Best Move: Move from (7, 15) to (8, 15)
2024-05-08 17:49:37,732 - ENTER AI MOVE METHOD
2024-05-08 17:49:37,781 - RESULT OF AI MOVE METHOD FOR PLAYER X: 4.181886543069409. Best Move: Move from (2, 1) to (1, 2)
2024-05-08 17:49:37,781 - ENTER AI MOVE METHOD
2024-05-08 17:49:37,800 - RESULT OF AI MOVE METHOD FOR PLAYER O: 35.18034260902339. Best Move: Move from (13, 13) to (14, 12)
2024-05-08 17:49:37,800 - ENTER AI MOVE METHOD
2024-05-08 17:49:37,834 - RESULT OF AI MOVE METHOD FOR PLAYER X: 4.181886543069409. Best Move: Move from (1, 2) to (2, 1)
2024-05-08 17:49:37,834 - ENTER AI MOVE METHOD
2024-05-08 17:49:37,852 - RESULT OF AI MOVE METHOD FOR PLAYER O: 35.253286850907195. Best Move: Move from (12, 13) to (13, 13)
2024-05-08 17:49:37,852 - ENTER AI MOVE METHOD
2024-05-08 17:49:37,888 - RESULT OF AI MOVE METHOD FOR PLAYER X: 4.181886543069409. Best Move: Move from (2, 1) to (1, 2)
2024-05-08 17:49:37,888 - ENTER AI MOVE METHOD
2024-05-08 17:49:37,904 - RESULT OF AI MOVE METHOD FOR PLAYER O: 36.166752937675. Best Move: Move from (10, 15) to (12, 13)
2024-05-08 17:49:37,904 - ENTER AI MOVE METHOD
2024-05-08 17:49:37,956 - RESULT OF AI MOVE METHOD FOR PLAYER X: 4.181886543069409. Best Move: Move from (1, 2) to (2, 1)
2024-05-08 17:49:37,957 - ENTER AI MOVE METHOD
2024-05-08 17:49:37,979 - RESULT OF AI MOVE METHOD FOR PLAYER O: 36.220845378586574. Best Move: Move from (8, 15) to (10, 15)
2024-05-08 17:49:37,980 - ENTER AI MOVE METHOD
2024-05-08 17:49:38,028 - RESULT OF AI MOVE METHOD FOR PLAYER X: 4.181886543069409. Best Move: Move from (2, 1) to (1, 2)
2024-05-08 17:49:38,028 - ENTER AI MOVE METHOD
2024-05-08 17:49:38,043 - RESULT OF AI MOVE METHOD FOR PLAYER O: 36.220845378586574. Best Move: Move from (12, 13) to (13, 12)
2024-05-08 17:49:38,043 - ENTER AI MOVE METHOD
2024-05-08 17:49:38,076 - RESULT OF AI MOVE METHOD FOR PLAYER X: 4.181886543069409. Best Move: Move from (1, 2) to (2, 1)
2024-05-08 17:49:38,076 - ENTER AI MOVE METHOD
2024-05-08 17:49:38,093 - RESULT OF AI MOVE METHOD FOR PLAYER O: 37.1461733392292. Best Move: Move from (10, 15) to (14, 11)
2024-05-08 17:49:38,093 - ENTER AI MOVE METHOD
2024-05-08 17:49:38,126 - RESULT OF AI MOVE METHOD FOR PLAYER X: 4.181886543069409. Best Move: Move from (2, 1) to (1, 2)
2024-05-08 17:49:38,127 - ENTER AI MOVE METHOD
2024-05-08 17:49:38,144 - RESULT OF AI MOVE METHOD FOR PLAYER O: 37.174326007270466. Best Move: Move from (9, 15) to (10, 15)
2024-05-08 17:49:38,145 - ENTER AI MOVE METHOD
2024-05-08 17:49:38,182 - RESULT OF AI MOVE METHOD FOR PLAYER X: 4.181886543069409. Best Move: Move from (1, 2) to (2, 1)
2024-05-08 17:49:38,183 - ENTER AI MOVE METHOD
2024-05-08 17:49:38,202 - RESULT OF AI MOVE METHOD FOR PLAYER O: 38.08779209403827. Best Move: Move from (10, 15) to (12, 13)
2024-05-08 17:49:38,203 - GAME IS FINISHED. WINNER IS O
